<?xml version="1.0" encoding="UTF-8"?>
<!-- Generated by org.testng.reporters.JUnitReportReporter -->
<testsuite hostname="DESKTOP-GQMNKUV" failures="0" tests="1" name="producttest.Example1Test" time="26.489" errors="0" timestamp="2025-07-28T10:17:24 IST" skipped="0">
  <testcase classname="producttest.Example1Test" name="Detail" time="26.489"/>
  <system-out>
    <![CDATA[Logout is done]]>
  </system-out>
</testsuite> <!-- producttest.Example1Test -->
