<?xml version="1.0" encoding="UTF-8"?>
<!-- Generated by org.testng.reporters.JUnitReportReporter -->
<testsuite hostname="DESKTOP-GQMNKUV" failures="0" tests="1" name="producttest.TeamBTest" time="0.053" errors="0" timestamp="2025-07-14T11:08:47 IST" skipped="0">
  <testcase classname="producttest.TeamBTest" name="Akhila" time="0.053">
    <system-out>
      <![CDATA[Akhila]]>
    </system-out>
  </testcase> <!-- Akhila -->
  <system-out>
    <![CDATA[Akhila]]>
  </system-out>
</testsuite> <!-- producttest.TeamBTest -->
