<?xml version="1.0" encoding="UTF-8"?>
<!-- Generated by org.testng.reporters.JUnitReportReporter -->
<testsuite hostname="DESKTOP-GQMNKUV" failures="0" tests="1" name="producttest.Example1" time="6.376" errors="0" timestamp="2025-07-23T11:17:37 IST" skipped="0">
  <testcase classname="producttest.Example1" name="orderProducts" time="6.376">
    <system-out>
      <![CDATA[Products ordered successfully]]>
    </system-out>
  </testcase> <!-- orderProducts -->
  <system-out>
    <![CDATA[Browser setup is done
Login successfully
Products ordered successfully
Logout is done]]>
  </system-out>
</testsuite> <!-- producttest.Example1 -->
